This is pdfTeX, Version 3.14159265-2.6-1.40.15 (TeX Live 2014) (preloaded format=pdflatex 2014.7.2)  10 FEB 2016 21:08
entering extended mode
 restricted \write18 enabled.
 file:line:error style messages enabled.
 %&-line parsing enabled.
**dense.tex
(./dense.tex
LaTeX2e <2014/05/01>
Babel <3.9k> and hyphenation patterns for 21 languages loaded.
./dense.tex:1: Undefined control sequence.
l.1 \section
            {Decision Trees With Dense Input Data} \label{sec:background}
? 
./dense.tex:1: Emergency stop.
l.1 \section
            {Decision Trees With Dense Input Data} \label{sec:background}
End of file on the terminal!

 
Here is how much of TeX's memory you used:
 5 strings out of 494522
 119 string characters out of 6167206
 47238 words of memory out of 5000000
 3365 multiletter control sequences out of 15000+600000
 3640 words of font info for 14 fonts, out of 8000000 for 9000
 319 hyphenation exceptions out of 8191
 5i,0n,1p,81b,8s stack positions out of 5000i,500n,10000p,200000b,80000s
./dense.tex:1:  ==> Fatal error occurred, no output PDF file produced!
